<?xml version="1.0" encoding="UTF-8"?>
<coverage generated="1720107913646" clover="3.2.0">
  <project timestamp="1720107913646" name="All files">
    <metrics statements="10" coveredstatements="8" conditionals="2" coveredconditionals="0" methods="1" coveredmethods="1" elements="13" coveredelements="9" complexity="0" loc="10" ncloc="10" packages="1" files="1" classes="1"/>
    <file name="index.ts" path="/Users/estebanjoaquin/Desktop/satlantis-mobile/src/helpers/nostr/index.ts">
      <metrics statements="10" coveredstatements="8" conditionals="2" coveredconditionals="0" methods="1" coveredmethods="1"/>
      <line num="18" count="1" type="stmt"/>
      <line num="24" count="1" type="stmt"/>
      <line num="25" count="1" type="stmt"/>
      <line num="26" count="1" type="stmt"/>
      <line num="27" count="1" type="stmt"/>
      <line num="33" count="1" type="stmt"/>
      <line num="37" count="0" type="stmt"/>
      <line num="38" count="0" type="stmt"/>
      <line num="40" count="1" type="cond" truecount="0" falsecount="2"/>
      <line num="42" count="1" type="stmt"/>
    </file>
  </project>
</coverage>
