{"/Users/estebanjoaquin/Desktop/satlantis-mobile/src/helpers/nostr/index.ts": {"path":"/Users/estebanjoaquin/Desktop/satlantis-mobile/src/helpers/nostr/index.ts","statementMap":{"0":{"start":{"line":14,"column":19},"end":{"line":16,"column":1}},"1":{"start":{"line":18,"column":28},"end":{"line":25,"column":1}},"2":{"start":{"line":19,"column":1},"end":{"line":24,"column":3}},"3":{"start":{"line":29,"column":20},"end":{"line":31,"column":1}},"4":{"start":{"line":30,"column":2},"end":{"line":30,"column":62}},"5":{"start":{"line":37,"column":27},"end":{"line":55,"column":1}},"6":{"start":{"line":41,"column":14},"end":{"line":41,"column":18}},"7":{"start":{"line":42,"column":2},"end":{"line":54,"column":3}},"8":{"start":{"line":43,"column":4},"end":{"line":43,"column":43}},"9":{"start":{"line":44,"column":24},"end":{"line":47,"column":5}},"10":{"start":{"line":48,"column":4},"end":{"line":48,"column":37}},"11":{"start":{"line":49,"column":4},"end":{"line":49,"column":38}},"12":{"start":{"line":51,"column":4},"end":{"line":51,"column":29}},"13":{"start":{"line":53,"column":4},"end":{"line":53,"column":19}}},"fnMap":{"0":{"name":"(anonymous_0)","decl":{"start":{"line":18,"column":28},"end":{"line":18,"column":29}},"loc":{"start":{"line":18,"column":78},"end":{"line":25,"column":1}},"line":18},"1":{"name":"(anonymous_1)","decl":{"start":{"line":29,"column":20},"end":{"line":29,"column":21}},"loc":{"start":{"line":29,"column":49},"end":{"line":31,"column":1}},"line":29},"2":{"name":"(anonymous_2)","decl":{"start":{"line":37,"column":27},"end":{"line":37,"column":28}},"loc":{"start":{"line":40,"column":49},"end":{"line":55,"column":1}},"line":40}},"branchMap":{"0":{"loc":{"start":{"line":30,"column":18},"end":{"line":30,"column":60}},"type":"binary-expr","locations":[{"start":{"line":30,"column":18},"end":{"line":30,"column":35}},{"start":{"line":30,"column":39},"end":{"line":30,"column":60}}],"line":30}},"s":{"0":1,"1":1,"2":2,"3":1,"4":0,"5":1,"6":2,"7":2,"8":2,"9":2,"10":2,"11":2,"12":0,"13":2},"f":{"0":2,"1":0,"2":2},"b":{"0":[0,0]},"_coverageSchema":"1a1c01bbd47fc00a2c39e90264f33305004495a9","hash":"c5a9528e4f248be48dd888bd131a434b1563f573"}
}
