{"/Users/estebanjoaquin/Desktop/satlantis-mobile/src/helpers/nostr/index.ts": {"path":"/Users/estebanjoaquin/Desktop/satlantis-mobile/src/helpers/nostr/index.ts","statementMap":{"0":{"start":{"line":18,"column":27},"end":{"line":44,"column":1}},"1":{"start":{"line":24,"column":14},"end":{"line":24,"column":18}},"2":{"start":{"line":25,"column":2},"end":{"line":43,"column":3}},"3":{"start":{"line":26,"column":4},"end":{"line":26,"column":43}},"4":{"start":{"line":27,"column":24},"end":{"line":32,"column":5}},"5":{"start":{"line":33,"column":24},"end":{"line":36,"column":5}},"6":{"start":{"line":37,"column":4},"end":{"line":37,"column":37}},"7":{"start":{"line":38,"column":4},"end":{"line":38,"column":44}},"8":{"start":{"line":40,"column":4},"end":{"line":40,"column":58}},"9":{"start":{"line":42,"column":4},"end":{"line":42,"column":19}}},"fnMap":{"0":{"name":"(anonymous_0)","decl":{"start":{"line":18,"column":27},"end":{"line":18,"column":28}},"loc":{"start":{"line":23,"column":27},"end":{"line":44,"column":1}},"line":23}},"branchMap":{"0":{"loc":{"start":{"line":40,"column":14},"end":{"line":40,"column":56}},"type":"binary-expr","locations":[{"start":{"line":40,"column":14},"end":{"line":40,"column":31}},{"start":{"line":40,"column":35},"end":{"line":40,"column":56}}],"line":40}},"s":{"0":1,"1":1,"2":1,"3":1,"4":1,"5":1,"6":0,"7":0,"8":1,"9":1},"f":{"0":1},"b":{"0":[0,0]},"_coverageSchema":"1a1c01bbd47fc00a2c39e90264f33305004495a9","hash":"080dd04dbffd5f8279fb2c1d731c5e81513b2ad1"}
}
